<?xml version="1.0" encoding="UTF-8"?>
<robot generator="Robot 5.0 (Python 3.10.4 on win32)" generated="20220618 16:39:00.352" rpa="false" schemaversion="3">
<suite id="s1" name="TC 003" source="C:\Users\ett19411\OneDrive - Etteplan Oyj\Desktop\Learn_RF_052022\Section21\TestCases\TC_003.robot">
<test id="s1-t1" name="TC_002 Login Logout Functionality" line="11">
<kw name="Open Browser" library="SeleniumLibrary">
<var>${VAR2}</var>
<arg>${VAR1}</arg>
<arg>${BROWSER}</arg>
<doc>Opens a new browser instance to the optional ``url``.</doc>
<msg timestamp="20220618 16:39:00.673" level="INFO">Opening browser 'chrome' to base url 'http://thetestingworld.com/testings'.</msg>
<msg timestamp="20220618 16:39:04.019" level="INFO">${VAR2} = 1</msg>
<status status="PASS" starttime="20220618 16:39:00.672" endtime="20220618 16:39:04.019"/>
</kw>
<kw name="Maximize Browser Window" library="SeleniumLibrary">
<doc>Maximizes current browser window.</doc>
<status status="PASS" starttime="20220618 16:39:04.020" endtime="20220618 16:39:04.134"/>
</kw>
<kw name="Click Element" library="SeleniumLibrary">
<arg>//label[@for="tab2"]</arg>
<doc>Click the element identified by ``locator``.</doc>
<msg timestamp="20220618 16:39:04.144" level="INFO">Clicking element '//label[@for="tab2"]'.</msg>
<status status="PASS" starttime="20220618 16:39:04.134" endtime="20220618 16:39:04.175"/>
</kw>
<kw name="Read Number of Rows" library="UserKeywords">
<var>${row}</var>
<arg>Sheet1</arg>
<kw name="Fetch Number Of Rows" library="ReadData">
<var>${max_rows}</var>
<arg>${sheetname}</arg>
<msg timestamp="20220618 16:39:04.176" level="INFO">${max_rows} = 4</msg>
<status status="PASS" starttime="20220618 16:39:04.176" endtime="20220618 16:39:04.176"/>
</kw>
<msg timestamp="20220618 16:39:04.176" level="INFO">${row} = 4</msg>
<status status="PASS" starttime="20220618 16:39:04.175" endtime="20220618 16:39:04.176"/>
</kw>
<for flavor="IN RANGE">
<var>${index}</var>
<value>1</value>
<value>${row}+1</value>
<iter>
<var name="${index}">1</var>
<kw name="Read Excel Data of Cell" library="UserKeywords">
<var>${username}</var>
<arg>Sheet1</arg>
<arg>${index}</arg>
<arg>1</arg>
<kw name="Fetch Cell Data" library="ReadData">
<var>${celldata}</var>
<arg>${sheetname}</arg>
<arg>${cell}</arg>
<arg>${row}</arg>
<msg timestamp="20220618 16:39:04.177" level="INFO">${celldata} = user1</msg>
<status status="PASS" starttime="20220618 16:39:04.177" endtime="20220618 16:39:04.177"/>
</kw>
<msg timestamp="20220618 16:39:04.177" level="INFO">${username} = user1</msg>
<status status="PASS" starttime="20220618 16:39:04.177" endtime="20220618 16:39:04.177"/>
</kw>
<kw name="Read Excel Data of Cell" library="UserKeywords">
<var>${password}</var>
<arg>Sheet1</arg>
<arg>${index}</arg>
<arg>2</arg>
<kw name="Fetch Cell Data" library="ReadData">
<var>${celldata}</var>
<arg>${sheetname}</arg>
<arg>${cell}</arg>
<arg>${row}</arg>
<msg timestamp="20220618 16:39:04.178" level="INFO">${celldata} = pass1</msg>
<status status="PASS" starttime="20220618 16:39:04.177" endtime="20220618 16:39:04.178"/>
</kw>
<msg timestamp="20220618 16:39:04.178" level="INFO">${password} = pass1</msg>
<status status="PASS" starttime="20220618 16:39:04.177" endtime="20220618 16:39:04.178"/>
</kw>
<kw name="Input Text" library="SeleniumLibrary">
<arg>//input[@name="_txtUserName"]</arg>
<arg>${username}</arg>
<doc>Types the given ``text`` into the text field identified by ``locator``.</doc>
<msg timestamp="20220618 16:39:04.178" level="INFO">Typing text 'user1' into text field '//input[@name="_txtUserName"]'.</msg>
<status status="PASS" starttime="20220618 16:39:04.178" endtime="20220618 16:39:04.227"/>
</kw>
<kw name="Input Text" library="SeleniumLibrary">
<arg>//input[@name="_txtPassword"]</arg>
<arg>${password}</arg>
<doc>Types the given ``text`` into the text field identified by ``locator``.</doc>
<msg timestamp="20220618 16:39:04.227" level="INFO">Typing text 'pass1' into text field '//input[@name="_txtPassword"]'.</msg>
<status status="PASS" starttime="20220618 16:39:04.227" endtime="20220618 16:39:04.273"/>
</kw>
<kw name="Click Element" library="SeleniumLibrary">
<arg>xpath=(//input)[20]</arg>
<doc>Click the element identified by ``locator``.</doc>
<msg timestamp="20220618 16:39:04.273" level="INFO">Clicking element 'xpath=(//input)[20]'.</msg>
<status status="PASS" starttime="20220618 16:39:04.273" endtime="20220618 16:39:04.520"/>
</kw>
<kw name="Sleep" library="BuiltIn">
<arg>5</arg>
<doc>Pauses the test executed for the given time.</doc>
<msg timestamp="20220618 16:39:09.536" level="INFO">Slept 5 seconds</msg>
<status status="PASS" starttime="20220618 16:39:04.521" endtime="20220618 16:39:09.536"/>
</kw>
<status status="PASS" starttime="20220618 16:39:04.176" endtime="20220618 16:39:09.536"/>
</iter>
<iter>
<var name="${index}">2</var>
<kw name="Read Excel Data of Cell" library="UserKeywords">
<var>${username}</var>
<arg>Sheet1</arg>
<arg>${index}</arg>
<arg>1</arg>
<kw name="Fetch Cell Data" library="ReadData">
<var>${celldata}</var>
<arg>${sheetname}</arg>
<arg>${cell}</arg>
<arg>${row}</arg>
<msg timestamp="20220618 16:39:09.537" level="INFO">${celldata} = user2</msg>
<status status="PASS" starttime="20220618 16:39:09.536" endtime="20220618 16:39:09.537"/>
</kw>
<msg timestamp="20220618 16:39:09.537" level="INFO">${username} = user2</msg>
<status status="PASS" starttime="20220618 16:39:09.536" endtime="20220618 16:39:09.537"/>
</kw>
<kw name="Read Excel Data of Cell" library="UserKeywords">
<var>${password}</var>
<arg>Sheet1</arg>
<arg>${index}</arg>
<arg>2</arg>
<kw name="Fetch Cell Data" library="ReadData">
<var>${celldata}</var>
<arg>${sheetname}</arg>
<arg>${cell}</arg>
<arg>${row}</arg>
<msg timestamp="20220618 16:39:09.537" level="INFO">${celldata} = pass2</msg>
<status status="PASS" starttime="20220618 16:39:09.537" endtime="20220618 16:39:09.537"/>
</kw>
<msg timestamp="20220618 16:39:09.537" level="INFO">${password} = pass2</msg>
<status status="PASS" starttime="20220618 16:39:09.537" endtime="20220618 16:39:09.537"/>
</kw>
<kw name="Input Text" library="SeleniumLibrary">
<arg>//input[@name="_txtUserName"]</arg>
<arg>${username}</arg>
<doc>Types the given ``text`` into the text field identified by ``locator``.</doc>
<msg timestamp="20220618 16:39:09.537" level="INFO">Typing text 'user2' into text field '//input[@name="_txtUserName"]'.</msg>
<msg timestamp="20220618 16:39:09.729" level="INFO" html="true">&lt;/td&gt;&lt;/tr&gt;&lt;tr&gt;&lt;td colspan="3"&gt;&lt;a href="selenium-screenshot-3.png"&gt;&lt;img src="selenium-screenshot-3.png" width="800px"&gt;&lt;/a&gt;</msg>
<msg timestamp="20220618 16:39:09.730" level="FAIL">ElementNotInteractableException: Message: element not interactable
  (Session info: chrome=102.0.5005.115)
Stacktrace:
Backtrace:
	Ordinal0 [0x00F6D953+2414931]
	Ordinal0 [0x00EFF5E1+1963489]
	Ordinal0 [0x00DEC580+836992]
	Ordinal0 [0x00E11DAD+990637]
	Ordinal0 [0x00E3449C+1131676]
	Ordinal0 [0x00E0FC74+982132]
	Ordinal0 [0x00E346B4+1132212]
	Ordinal0 [0x00E44812+1198098]
	Ordinal0 [0x00E342B6+1131190]
	Ordinal0 [0x00E0E860+976992]
	Ordinal0 [0x00E0F756+980822]
	GetHandleVerifier [0x011DCC62+2510274]
	GetHandleVerifier [0x011CF760+2455744]
	GetHandleVerifier [0x00FFEABA+551962]
	GetHandleVerifier [0x00FFD916+547446]
	Ordinal0 [0x00F05F3B+1990459]
	Ordinal0 [0x00F0A898+2009240]
	Ordinal0 [0x00F0A985+2009477]
	Ordinal0 [0x00F13AD1+2046673]
	BaseThreadInitThunk [0x778CFA29+25]
	RtlGetAppContainerNamedObjectPath [0x77C77A7E+286]
	RtlGetAppContainerNamedObjectPath [0x77C77A4E+238]
</msg>
<status status="FAIL" starttime="20220618 16:39:09.537" endtime="20220618 16:39:09.732"/>
</kw>
<kw name="Input Text" library="SeleniumLibrary">
<arg>//input[@name="_txtPassword"]</arg>
<arg>${password}</arg>
<doc>Types the given ``text`` into the text field identified by ``locator``.</doc>
<status status="NOT RUN" starttime="20220618 16:39:09.732" endtime="20220618 16:39:09.732"/>
</kw>
<kw name="Click Element" library="SeleniumLibrary">
<arg>xpath=(//input)[20]</arg>
<doc>Click the element identified by ``locator``.</doc>
<status status="NOT RUN" starttime="20220618 16:39:09.732" endtime="20220618 16:39:09.732"/>
</kw>
<kw name="Sleep" library="BuiltIn">
<arg>5</arg>
<doc>Pauses the test executed for the given time.</doc>
<status status="NOT RUN" starttime="20220618 16:39:09.732" endtime="20220618 16:39:09.732"/>
</kw>
<status status="FAIL" starttime="20220618 16:39:09.536" endtime="20220618 16:39:09.732"/>
</iter>
<status status="FAIL" starttime="20220618 16:39:04.176" endtime="20220618 16:39:09.732"/>
</for>
<kw name="Close Browser" library="SeleniumLibrary">
<doc>Closes the current browser.</doc>
<status status="NOT RUN" starttime="20220618 16:39:09.733" endtime="20220618 16:39:09.733"/>
</kw>
<status status="FAIL" starttime="20220618 16:39:00.672" endtime="20220618 16:39:09.733">ElementNotInteractableException: Message: element not interactable
  (Session info: chrome=102.0.5005.115)
Stacktrace:
Backtrace:
	Ordinal0 [0x00F6D953+2414931]
	Ordinal0 [0x00EFF5E1+1963489]
	Ordinal0 [0x00DEC580+836992]
	Ordinal0 [0x00E11DAD+990637]
	Ordinal0 [0x00E3449C+1131676]
	Ordinal0 [0x00E0FC74+982132]
	Ordinal0 [0x00E346B4+1132212]
	Ordinal0 [0x00E44812+1198098]
	Ordinal0 [0x00E342B6+1131190]
	Ordinal0 [0x00E0E860+976992]
	Ordinal0 [0x00E0F756+980822]
	GetHandleVerifier [0x011DCC62+2510274]
	GetHandleVerifier [0x011CF760+2455744]
	GetHandleVerifier [0x00FFEABA+551962]
	GetHandleVerifier [0x00FFD916+547446]
	Ordinal0 [0x00F05F3B+1990459]
	Ordinal0 [0x00F0A898+2009240]
	Ordinal0 [0x00F0A985+2009477]
	Ordinal0 [0x00F13AD1+2046673]
	BaseThreadInitThunk [0x778CFA29+25]
	RtlGetAppContainerNamedObjectPath [0x77C77A7E+286]
	RtlGetAppContainerNamedObjectPath [0x77C77A4E+238]
</status>
</test>
<status status="FAIL" starttime="20220618 16:39:00.353" endtime="20220618 16:39:09.735"/>
</suite>
<statistics>
<total>
<stat pass="0" fail="1" skip="0">All Tests</stat>
</total>
<tag>
</tag>
<suite>
<stat pass="0" fail="1" skip="0" id="s1" name="TC 003">TC 003</stat>
</suite>
</statistics>
<errors>
</errors>
</robot>
