<?xml version="1.0" encoding="UTF-8"?>
<robot generator="Robot 5.0 (Python 3.10.4 on win32)" generated="20220528 19:37:58.667" rpa="false" schemaversion="3">
<suite id="s1" name="TC 001" source="C:\Users\ett19411\OneDrive - Etteplan Oyj\Desktop\Learn_RF_052022\Section11\TestCases\TC_001.robot">
<test id="s1-t1" name="Robot First Test Case" line="11">
<kw name="Start Browser and Maximize" library="Resources1">
<var>${Res}</var>
<arg>${URL}</arg>
<arg>${BROWSER}</arg>
<kw name="Open Browser" library="SeleniumLibrary">
<arg>${UserURL}</arg>
<arg>${InputBrowser}</arg>
<doc>Opens a new browser instance to the optional ``url``.</doc>
<msg timestamp="20220528 19:37:58.833" level="INFO">Opening browser 'chrome' to base url 'http://www.thetestingworld.com/testings'.</msg>
<status status="PASS" starttime="20220528 19:37:58.833" endtime="20220528 19:38:00.892"/>
</kw>
<kw name="Maximize Browser Window" library="SeleniumLibrary">
<doc>Maximizes current browser window.</doc>
<status status="PASS" starttime="20220528 19:38:00.892" endtime="20220528 19:38:01.008"/>
</kw>
<kw name="Get Title" library="SeleniumLibrary">
<var>${Title}</var>
<doc>Returns the title of the current page.</doc>
<msg timestamp="20220528 19:38:01.011" level="INFO">${Title} = Login &amp; Sign Up Forms</msg>
<status status="PASS" starttime="20220528 19:38:01.008" endtime="20220528 19:38:01.011"/>
</kw>
<kw name="Log" library="BuiltIn">
<arg>HelloWorld</arg>
<doc>Logs the given message with the given level.</doc>
<msg timestamp="20220528 19:38:01.011" level="INFO">HelloWorld</msg>
<status status="PASS" starttime="20220528 19:38:01.011" endtime="20220528 19:38:01.011"/>
</kw>
<msg timestamp="20220528 19:38:01.011" level="INFO">${Res} = Login &amp; Sign Up Forms</msg>
<status status="PASS" starttime="20220528 19:37:58.833" endtime="20220528 19:38:01.011"/>
</kw>
<kw name="Log" library="BuiltIn">
<arg>${Res}</arg>
<doc>Logs the given message with the given level.</doc>
<msg timestamp="20220528 19:38:01.012" level="INFO">Login &amp; Sign Up Forms</msg>
<status status="PASS" starttime="20220528 19:38:01.011" endtime="20220528 19:38:01.012"/>
</kw>
<kw name="Input Text" library="SeleniumLibrary">
<arg>name:fld_username</arg>
<arg>${Res}</arg>
<doc>Types the given ``text`` into the text field identified by ``locator``.</doc>
<msg timestamp="20220528 19:38:01.012" level="INFO">Typing text 'Login &amp; Sign Up Forms' into text field 'name:fld_username'.</msg>
<status status="PASS" starttime="20220528 19:38:01.012" endtime="20220528 19:38:01.064"/>
</kw>
<kw name="Sleep" library="BuiltIn">
<arg>2</arg>
<doc>Pauses the test executed for the given time.</doc>
<msg timestamp="20220528 19:38:03.072" level="INFO">Slept 2 seconds</msg>
<status status="PASS" starttime="20220528 19:38:01.065" endtime="20220528 19:38:03.072"/>
</kw>
<kw name="Close Browser" library="SeleniumLibrary">
<doc>Closes the current browser.</doc>
<status status="PASS" starttime="20220528 19:38:03.072" endtime="20220528 19:38:05.180"/>
</kw>
<status status="PASS" starttime="20220528 19:37:58.832" endtime="20220528 19:38:05.181"/>
</test>
<status status="PASS" starttime="20220528 19:37:58.669" endtime="20220528 19:38:05.182"/>
</suite>
<statistics>
<total>
<stat pass="1" fail="0" skip="0">All Tests</stat>
</total>
<tag>
</tag>
<suite>
<stat pass="1" fail="0" skip="0" id="s1" name="TC 001">TC 001</stat>
</suite>
</statistics>
<errors>
</errors>
</robot>
