<?xml version="1.0" encoding="UTF-8"?>
<robot generator="Robot 5.0 (Python 3.10.2 on win32)" generated="20220514 16:28:18.738" rpa="false" schemaversion="3">
<suite id="s1" name="OwnKeyWords" source="C:\Users\lauri\OneDrive\Työpöytä\Learn_RF\Section5\OwnKeyWords.robot">
<test id="s1-t1" name="Robot First Test Case" line="9">
<kw name="Open Browser" library="SeleniumLibrary">
<arg>${URL}</arg>
<arg>${BROWSER}</arg>
<doc>Opens a new browser instance to the optional ``url``.</doc>
<msg timestamp="20220514 16:28:19.005" level="INFO">Opening browser 'chrome' to base url 'http://www.thetestingworld.com/testings'.</msg>
<status status="PASS" starttime="20220514 16:28:19.004" endtime="20220514 16:28:21.232"/>
</kw>
<kw name="Maximize Browser Window" library="SeleniumLibrary">
<doc>Maximizes current browser window.</doc>
<status status="PASS" starttime="20220514 16:28:21.235" endtime="20220514 16:28:21.367"/>
</kw>
<kw name="Enter Username Password Email">
<arg>testing</arg>
<arg>testingworldindia@gmail.com</arg>
<arg>123456</arg>
<kw name="Input Text" library="SeleniumLibrary">
<arg>name:fld_username</arg>
<arg>${username}</arg>
<doc>Types the given ``text`` into the text field identified by ``locator``.</doc>
<msg timestamp="20220514 16:28:21.368" level="INFO">Typing text 'testing' into text field 'name:fld_username'.</msg>
<status status="PASS" starttime="20220514 16:28:21.367" endtime="20220514 16:28:21.466"/>
</kw>
<kw name="Input Text" library="SeleniumLibrary">
<arg>name:fld_email</arg>
<arg>${email}</arg>
<doc>Types the given ``text`` into the text field identified by ``locator``.</doc>
<msg timestamp="20220514 16:28:21.466" level="INFO">Typing text 'testingworldindia@gmail.com' into text field 'name:fld_email'.</msg>
<status status="PASS" starttime="20220514 16:28:21.466" endtime="20220514 16:28:21.597"/>
</kw>
<kw name="Input Text" library="SeleniumLibrary">
<arg>name:fld_password</arg>
<arg>${password}</arg>
<doc>Types the given ``text`` into the text field identified by ``locator``.</doc>
<msg timestamp="20220514 16:28:21.598" level="INFO">Typing text '123456' into text field 'name:fld_password'.</msg>
<status status="PASS" starttime="20220514 16:28:21.598" endtime="20220514 16:28:21.685"/>
</kw>
<status status="PASS" starttime="20220514 16:28:21.367" endtime="20220514 16:28:21.685"/>
</kw>
<status status="PASS" starttime="20220514 16:28:19.004" endtime="20220514 16:28:21.687"/>
</test>
<status status="PASS" starttime="20220514 16:28:18.741" endtime="20220514 16:28:21.688"/>
</suite>
<statistics>
<total>
<stat pass="1" fail="0" skip="0">All Tests</stat>
</total>
<tag>
</tag>
<suite>
<stat pass="1" fail="0" skip="0" id="s1" name="OwnKeyWords">OwnKeyWords</stat>
</suite>
</statistics>
<errors>
</errors>
</robot>
