<?xml version="1.0" encoding="UTF-8"?>
<robot generator="Robot 5.0.1 (Python 3.10.6 on win32)" generated="20221127 16:35:19.111" rpa="false" schemaversion="3">
<suite id="s1" name="OwnKeyWords" source="C:\Users\lauri\OneDrive\Työpöytä\Learn_RF\Section5\OwnKeyWords.robot">
<test id="s1-t1" name="Robot First Test Case" line="9">
<kw name="Open Browser" library="SeleniumLibrary">
<arg>${URL}</arg>
<arg>${BROWSER}</arg>
<doc>Opens a new browser instance to the optional ``url``.</doc>
<msg timestamp="20221127 16:35:19.544" level="INFO">Opening browser 'chrome' to base url 'http://www.thetestingworld.com/testings'.</msg>
<status status="PASS" starttime="20221127 16:35:19.543" endtime="20221127 16:35:22.758"/>
</kw>
<kw name="Maximize Browser Window" library="SeleniumLibrary">
<doc>Maximizes current browser window.</doc>
<status status="PASS" starttime="20221127 16:35:22.759" endtime="20221127 16:35:22.888"/>
</kw>
<kw name="Enter Username Password Email">
<arg>testing</arg>
<arg>testingworldindia@gmail.com</arg>
<arg>123456</arg>
<kw name="Input Text" library="SeleniumLibrary">
<arg>name:fld_username</arg>
<arg>${username}</arg>
<doc>Types the given ``text`` into the text field identified by ``locator``.</doc>
<msg timestamp="20221127 16:35:22.889" level="INFO">Typing text 'testing' into text field 'name:fld_username'.</msg>
<status status="PASS" starttime="20221127 16:35:22.889" endtime="20221127 16:35:22.991"/>
</kw>
<kw name="Input Text" library="SeleniumLibrary">
<arg>name:fld_email</arg>
<arg>${email}</arg>
<doc>Types the given ``text`` into the text field identified by ``locator``.</doc>
<msg timestamp="20221127 16:35:22.991" level="INFO">Typing text 'testingworldindia@gmail.com' into text field 'name:fld_email'.</msg>
<status status="PASS" starttime="20221127 16:35:22.991" endtime="20221127 16:35:23.109"/>
</kw>
<kw name="Input Text" library="SeleniumLibrary">
<arg>name:fld_password</arg>
<arg>${password}</arg>
<doc>Types the given ``text`` into the text field identified by ``locator``.</doc>
<msg timestamp="20221127 16:35:23.110" level="INFO">Typing text '123456' into text field 'name:fld_password'.</msg>
<status status="PASS" starttime="20221127 16:35:23.109" endtime="20221127 16:35:23.191"/>
</kw>
<status status="PASS" starttime="20221127 16:35:22.888" endtime="20221127 16:35:23.192"/>
</kw>
<status status="PASS" starttime="20221127 16:35:19.542" endtime="20221127 16:35:23.192"/>
</test>
<status status="PASS" starttime="20221127 16:35:19.113" endtime="20221127 16:35:23.193"/>
</suite>
<statistics>
<total>
<stat pass="1" fail="0" skip="0">All Tests</stat>
</total>
<tag>
</tag>
<suite>
<stat pass="1" fail="0" skip="0" id="s1" name="OwnKeyWords">OwnKeyWords</stat>
</suite>
</statistics>
<errors>
</errors>
</robot>
