<?xml version="1.0" encoding="UTF-8"?>
<robot generator="Robot 5.0 (Python 3.10.2 on win32)" generated="20220515 14:53:01.769" rpa="false" schemaversion="3">
<suite id="s1" name="TC 006" source="C:\Users\lauri\OneDrive\Työpöytä\Learn_RF\Section8\TC_006.robot">
<test id="s1-t1" name="TC_001 Validate Login and Logout" line="9">
<kw name="Open Browser" library="SeleniumLibrary">
<arg>${URL}</arg>
<arg>${BROWSER}</arg>
<doc>Opens a new browser instance to the optional ``url``.</doc>
<msg timestamp="20220515 14:53:02.037" level="INFO">Opening browser 'CHROME' to base url 'http://www.thetestingworld.com'.</msg>
<status status="PASS" starttime="20220515 14:53:02.037" endtime="20220515 14:53:05.428"/>
</kw>
<kw name="Maximize Browser Window" library="SeleniumLibrary">
<doc>Maximizes current browser window.</doc>
<status status="PASS" starttime="20220515 14:53:05.439" endtime="20220515 14:53:05.588"/>
</kw>
<kw name="Set Selenium Timeout" library="SeleniumLibrary">
<arg>10s</arg>
<doc>Sets the timeout that is used by various keywords.</doc>
<status status="PASS" starttime="20220515 14:53:05.589" endtime="20220515 14:53:05.590"/>
</kw>
<kw name="Wait Until Element Is Visible" library="SeleniumLibrary">
<arg>//span[contains(text(),'VIDEOS')]</arg>
<doc>Waits until the element ``locator`` is visible.</doc>
<status status="PASS" starttime="20220515 14:53:05.590" endtime="20220515 14:53:05.626"/>
</kw>
<kw name="Close Browser" library="SeleniumLibrary">
<doc>Closes the current browser.</doc>
<status status="PASS" starttime="20220515 14:53:05.626" endtime="20220515 14:53:08.154"/>
</kw>
<status status="PASS" starttime="20220515 14:53:02.036" endtime="20220515 14:53:08.155"/>
</test>
<status status="PASS" starttime="20220515 14:53:01.771" endtime="20220515 14:53:08.156"/>
</suite>
<statistics>
<total>
<stat pass="1" fail="0" skip="0">All Tests</stat>
</total>
<tag>
</tag>
<suite>
<stat pass="1" fail="0" skip="0" id="s1" name="TC 006">TC 006</stat>
</suite>
</statistics>
<errors>
</errors>
</robot>
