<?xml version="1.0" encoding="UTF-8"?>
<robot generator="Robot 5.0 (Python 3.10.4 on win32)" generated="20220528 15:16:45.927" rpa="false" schemaversion="3">
<suite id="s1" name="TC 002" source="C:\Users\ett19411\OneDrive - Etteplan Oyj\Desktop\Learn_RF_052022\Section9\TC_002.robot">
<test id="s1-t1" name="TC_001 Validate Tab Opening and Back" line="10">
<kw name="Open Browser" library="SeleniumLibrary">
<arg>${VAR1}</arg>
<arg>${BROWSER}</arg>
<doc>Opens a new browser instance to the optional ``url``.</doc>
<msg timestamp="20220528 15:16:46.088" level="INFO">Opening browser 'chrome' to base url 'https://robotframework.org/#getting-started'.</msg>
<status status="PASS" starttime="20220528 15:16:46.087" endtime="20220528 15:16:48.052"/>
</kw>
<kw name="Create List" library="BuiltIn">
<var>@{List1}</var>
<arg>Hello</arg>
<arg>22</arg>
<arg>23.23</arg>
<arg>World!</arg>
<arg>Audio</arg>
<doc>Returns a list containing given items.</doc>
<msg timestamp="20220528 15:16:48.052" level="INFO">@{List1} = [ Hello | 22 | 23.23 | World! | Audio ]</msg>
<status status="PASS" starttime="20220528 15:16:48.052" endtime="20220528 15:16:48.052"/>
</kw>
<for flavor="IN">
<var>${i}</var>
<value>${List1}</value>
<iter>
<var name="${i}">['Hello', '22', '23.23', 'World!', 'Audio']</var>
<kw name="Log To Console" library="BuiltIn">
<arg>${i}</arg>
<doc>Logs the given message to the console.</doc>
<status status="PASS" starttime="20220528 15:16:48.053" endtime="20220528 15:16:48.053"/>
</kw>
<status status="PASS" starttime="20220528 15:16:48.053" endtime="20220528 15:16:48.053"/>
</iter>
<status status="PASS" starttime="20220528 15:16:48.053" endtime="20220528 15:16:48.053"/>
</for>
<status status="PASS" starttime="20220528 15:16:46.087" endtime="20220528 15:16:48.053"/>
</test>
<status status="PASS" starttime="20220528 15:16:45.929" endtime="20220528 15:16:48.054"/>
</suite>
<statistics>
<total>
<stat pass="1" fail="0" skip="0">All Tests</stat>
</total>
<tag>
</tag>
<suite>
<stat pass="1" fail="0" skip="0" id="s1" name="TC 002">TC 002</stat>
</suite>
</statistics>
<errors>
</errors>
</robot>
