<?xml version="1.0" encoding="UTF-8"?>
<robot generator="Robot 5.0 (Python 3.10.4 on win32)" generated="20220611 14:34:49.497" rpa="false" schemaversion="3">
<suite id="s1" name="TC 002 Fetch Data" source="C:\Users\ett19411\OneDrive - Etteplan Oyj\Desktop\Learn_RF_052022\Section16\TestCases\RegistrationTC\TC_002_Fetch_Data.robot">
<test id="s1-t1" name="Robot Fetch Data" line="10">
<kw name="Create Folder at Runtime" library="Resources4">
<arg>Robot</arg>
<arg>lassen</arg>
<kw name="Create Folder" library="UserKeywords">
<arg>${foldername}</arg>
<status status="PASS" starttime="20220611 14:34:49.672" endtime="20220611 14:34:49.673"/>
</kw>
<kw name="Create Sub Folder" library="UserKeywords">
<arg>${foldername}</arg>
<arg>${subfoldername}</arg>
<status status="PASS" starttime="20220611 14:34:49.673" endtime="20220611 14:34:49.673"/>
</kw>
<kw name="Log" library="BuiltIn">
<arg>"Task Done Succesfully"</arg>
<doc>Logs the given message with the given level.</doc>
<msg timestamp="20220611 14:34:49.673" level="INFO">"Task Done Succesfully"</msg>
<status status="PASS" starttime="20220611 14:34:49.673" endtime="20220611 14:34:49.673"/>
</kw>
<status status="PASS" starttime="20220611 14:34:49.672" endtime="20220611 14:34:49.673"/>
</kw>
<kw name="Open Browser" library="SeleniumLibrary">
<arg>${URL}</arg>
<arg>${BROWSER}</arg>
<doc>Opens a new browser instance to the optional ``url``.</doc>
<msg timestamp="20220611 14:34:49.674" level="INFO">Opening browser 'Chrome' to base url 'http://www.thetestingworld.com/testings'.</msg>
<status status="PASS" starttime="20220611 14:34:49.674" endtime="20220611 14:34:51.694"/>
</kw>
<kw name="Maximize Browser Window" library="SeleniumLibrary">
<doc>Maximizes current browser window.</doc>
<status status="PASS" starttime="20220611 14:34:51.694" endtime="20220611 14:34:51.807"/>
</kw>
<status status="PASS" starttime="20220611 14:34:49.672" endtime="20220611 14:34:51.808"/>
</test>
<status status="PASS" starttime="20220611 14:34:49.499" endtime="20220611 14:34:51.809"/>
</suite>
<statistics>
<total>
<stat pass="1" fail="0" skip="0">All Tests</stat>
</total>
<tag>
</tag>
<suite>
<stat pass="1" fail="0" skip="0" id="s1" name="TC 002 Fetch Data">TC 002 Fetch Data</stat>
</suite>
</statistics>
<errors>
</errors>
</robot>
