<?xml version="1.0" encoding="UTF-8"?>
<robot generator="Robot 5.0 (Python 3.10.4 on win32)" generated="20220528 18:00:28.676" rpa="false" schemaversion="3">
<suite id="s1" name="TC 005" source="C:\Users\ett19411\OneDrive - Etteplan Oyj\Desktop\Learn_RF_052022\Section10\TC_005.robot">
<test id="s1-t1" name="TC_001 Login Logout Funtionality" line="9">
<kw name="Open Browser" library="SeleniumLibrary">
<arg>${VAR1}</arg>
<arg>${BROWSER}</arg>
<doc>Opens a new browser instance to the optional ``url``.</doc>
<msg timestamp="20220528 18:00:28.891" level="INFO">Opening browser 'chrome' to base url 'http://www.thetestingworld.com/testings'.</msg>
<status status="PASS" starttime="20220528 18:00:28.891" endtime="20220528 18:00:31.296"/>
</kw>
<kw name="Maximize Browser Window" library="SeleniumLibrary">
<doc>Maximizes current browser window.</doc>
<status status="PASS" starttime="20220528 18:00:31.298" endtime="20220528 18:00:31.452"/>
</kw>
<kw name="Title Should Be" library="SeleniumLibrary">
<arg>Login &amp; Sign Up Forms</arg>
<doc>Verifies that the current page title equals ``title``.</doc>
<msg timestamp="20220528 18:00:31.465" level="INFO">Page title is 'Login &amp; Sign Up Forms'.</msg>
<status status="PASS" starttime="20220528 18:00:31.453" endtime="20220528 18:00:31.465"/>
</kw>
<kw name="Element Should Be Enabled" library="SeleniumLibrary">
<arg>name:fld_username</arg>
<doc>Verifies that element identified by ``locator`` is enabled.</doc>
<status status="PASS" starttime="20220528 18:00:31.466" endtime="20220528 18:00:31.523"/>
</kw>
<kw name="Element Should Be Visible" library="SeleniumLibrary">
<arg>name:fld_username</arg>
<doc>Verifies that the element identified by ``locator`` is visible.</doc>
<msg timestamp="20220528 18:00:31.548" level="INFO">Element 'name:fld_username' is displayed.</msg>
<status status="PASS" starttime="20220528 18:00:31.523" endtime="20220528 18:00:31.548"/>
</kw>
<kw name="Sleep" library="BuiltIn">
<arg>2</arg>
<doc>Pauses the test executed for the given time.</doc>
<msg timestamp="20220528 18:00:33.555" level="INFO">Slept 2 seconds</msg>
<status status="PASS" starttime="20220528 18:00:31.548" endtime="20220528 18:00:33.555"/>
</kw>
<kw name="Close Browser" library="SeleniumLibrary">
<doc>Closes the current browser.</doc>
<status status="PASS" starttime="20220528 18:00:33.556" endtime="20220528 18:00:35.702"/>
</kw>
<status status="PASS" starttime="20220528 18:00:28.890" endtime="20220528 18:00:35.704"/>
</test>
<status status="PASS" starttime="20220528 18:00:28.680" endtime="20220528 18:00:35.706"/>
</suite>
<statistics>
<total>
<stat pass="1" fail="0" skip="0">All Tests</stat>
</total>
<tag>
</tag>
<suite>
<stat pass="1" fail="0" skip="0" id="s1" name="TC 005">TC 005</stat>
</suite>
</statistics>
<errors>
</errors>
</robot>
